# JRE version: OpenJDK Runtime Environment (17.0.11) (build 17.0.11+0--11852314)
# Java VM: OpenJDK 64-Bit Server VM (17.0.11+0--11852314, mixed mode, tiered, compressed oops, compressed class ptrs, g1 gc, windows-amd64)
GC Precious Log:
 CPUs: 8 total, 8 available
 Memory: 40743M
 Large Page Support: Disabled
 NUMA Support: Disabled
 Compressed Oops: Enabled (32-bit)
 Heap Region Size: 1M
 Heap Min Capacity: 8M
 Heap Initial Capacity: 638M
 Heap Max Capacity: 2G
 Pre-touch: Disabled
 Parallel Workers: 8
 Concurrent Workers: 2
 Concurrent Refinement Workers: 8
 Periodic GC: Disabled
Heap:
 garbage-first heap   total 481280K, used 176661K [0x0000000080000000, 0x0000000100000000)
  region size 1024K, 4 young (4096K), 4 survivors (4096K)
 Metaspace       used 186590K, committed 187712K, reserved 1245184K
  class space    used 24744K, committed 25280K, reserved 1048576K
GC Heap History (20 events):
Event: 3023.611 GC heap after
{Heap after GC invocations=140 (full 0):
 garbage-first heap   total 481280K, used 114332K [0x0000000080000000, 0x0000000100000000)
  region size 1024K, 3 young (3072K), 3 survivors (3072K)
 Metaspace       used 147650K, committed 148672K, reserved 1179648K
  class space    used 19633K, committed 20224K, reserved 1048576K
}
Event: 3023.999 GC heap before
{Heap before GC invocations=140 (full 0):
 garbage-first heap   total 481280K, used 129692K [0x0000000080000000, 0x0000000100000000)
  region size 1024K, 20 young (20480K), 3 survivors (3072K)
 Metaspace       used 147704K, committed 148736K, reserved 1179648K
  class space    used 19639K, committed 20224K, reserved 1048576K
}
Event: 3024.006 GC heap after
{Heap after GC invocations=141 (full 0):
 garbage-first heap   total 481280K, used 115856K [0x0000000080000000, 0x0000000100000000)
  region size 1024K, 5 young (5120K), 5 survivors (5120K)
 Metaspace       used 147704K, committed 148736K, reserved 1179648K
  class space    used 19639K, committed 20224K, reserved 1048576K
}
Event: 3028.772 GC heap before
{Heap before GC invocations=142 (full 0):
 garbage-first heap   total 464896K, used 356496K [0x0000000080000000, 0x0000000100000000)
  region size 1024K, 218 young (223232K), 5 survivors (5120K)
 Metaspace       used 148135K, committed 149184K, reserved 1179648K
  class space    used 19639K, committed 20224K, reserved 1048576K
}
Event: 3028.786 GC heap after
{Heap after GC invocations=143 (full 0):
 garbage-first heap   total 464896K, used 129631K [0x0000000080000000, 0x0000000100000000)
  region size 1024K, 16 young (16384K), 16 survivors (16384K)
 Metaspace       used 148135K, committed 149184K, reserved 1179648K
  class space    used 19639K, committed 20224K, reserved 1048576K
}
Event: 3028.819 GC heap before
{Heap before GC invocations=143 (full 0):
 garbage-first heap   total 464896K, used 135775K [0x0000000080000000, 0x0000000100000000)
  region size 1024K, 22 young (22528K), 16 survivors (16384K)
 Metaspace       used 148143K, committed 149184K, reserved 1179648K
  class space    used 19639K, committed 20224K, reserved 1048576K
}
Event: 3028.840 GC heap after
{Heap after GC invocations=144 (full 0):
 garbage-first heap   total 464896K, used 117720K [0x0000000080000000, 0x0000000100000000)
  region size 1024K, 3 young (3072K), 3 survivors (3072K)
 Metaspace       used 148143K, committed 149184K, reserved 1179648K
  class space    used 19639K, committed 20224K, reserved 1048576K
}
Event: 3029.134 GC heap before
{Heap before GC invocations=144 (full 0):
 garbage-first heap   total 464896K, used 160728K [0x0000000080000000, 0x0000000100000000)
  region size 1024K, 47 young (48128K), 3 survivors (3072K)
 Metaspace       used 148152K, committed 149184K, reserved 1179648K
  class space    used 19639K, committed 20224K, reserved 1048576K
}
Event: 3029.139 GC heap after
{Heap after GC invocations=145 (full 0):
 garbage-first heap   total 464896K, used 119585K [0x0000000080000000, 0x0000000100000000)
  region size 1024K, 5 young (5120K), 5 survivors (5120K)
 Metaspace       used 148152K, committed 149184K, reserved 1179648K
  class space    used 19639K, committed 20224K, reserved 1048576K
}
Event: 3377.917 GC heap before
{Heap before GC invocations=146 (full 0):
 garbage-first heap   total 457728K, used 380705K [0x0000000080000000, 0x0000000100000000)
  region size 1024K, 214 young (219136K), 5 survivors (5120K)
 Metaspace       used 162862K, committed 163968K, reserved 1245184K
  class space    used 21996K, committed 22528K, reserved 1048576K
}
Event: 3377.929 GC heap after
{Heap after GC invocations=147 (full 0):
 garbage-first heap   total 457728K, used 159034K [0x0000000080000000, 0x0000000100000000)
  region size 1024K, 18 young (18432K), 18 survivors (18432K)
 Metaspace       used 162862K, committed 163968K, reserved 1245184K
  class space    used 21996K, committed 22528K, reserved 1048576K
}
Event: 3377.989 GC heap before
{Heap before GC invocations=147 (full 0):
 garbage-first heap   total 457728K, used 162106K [0x0000000080000000, 0x0000000100000000)
  region size 1024K, 22 young (22528K), 18 survivors (18432K)
 Metaspace       used 163455K, committed 164544K, reserved 1245184K
  class space    used 22095K, committed 22592K, reserved 1048576K
}
Event: 3378.003 GC heap after
{Heap after GC invocations=148 (full 0):
 garbage-first heap   total 457728K, used 156611K [0x0000000080000000, 0x0000000100000000)
  region size 1024K, 2 young (2048K), 2 survivors (2048K)
 Metaspace       used 163455K, committed 164544K, reserved 1245184K
  class space    used 22095K, committed 22592K, reserved 1048576K
}
Event: 3378.239 GC heap before
{Heap before GC invocations=148 (full 0):
 garbage-first heap   total 457728K, used 169923K [0x0000000080000000, 0x0000000100000000)
  region size 1024K, 16 young (16384K), 2 survivors (2048K)
 Metaspace       used 165736K, committed 166912K, reserved 1245184K
  class space    used 22377K, committed 22912K, reserved 1048576K
}
Event: 3378.241 GC heap after
{Heap after GC invocations=149 (full 0):
 garbage-first heap   total 457728K, used 155782K [0x0000000080000000, 0x0000000100000000)
  region size 1024K, 1 young (1024K), 1 survivors (1024K)
 Metaspace       used 165736K, committed 166912K, reserved 1245184K
  class space    used 22377K, committed 22912K, reserved 1048576K
}
Event: 3380.539 GC heap before
{Heap before GC invocations=150 (full 0):
 garbage-first heap   total 457728K, used 367750K [0x0000000080000000, 0x0000000100000000)
  region size 1024K, 194 young (198656K), 1 survivors (1024K)
 Metaspace       used 180215K, committed 181312K, reserved 1245184K
  class space    used 23951K, committed 24448K, reserved 1048576K
}
Event: 3380.559 GC heap after
{Heap after GC invocations=151 (full 0):
 garbage-first heap   total 457728K, used 189202K [0x0000000080000000, 0x0000000100000000)
  region size 1024K, 25 young (25600K), 25 survivors (25600K)
 Metaspace       used 180215K, committed 181312K, reserved 1245184K
  class space    used 23951K, committed 24448K, reserved 1048576K
}
Event: 3380.572 GC heap before
{Heap before GC invocations=151 (full 0):
 garbage-first heap   total 457728K, used 190226K [0x0000000080000000, 0x0000000100000000)
  region size 1024K, 26 young (26624K), 25 survivors (25600K)
 Metaspace       used 180265K, committed 181440K, reserved 1245184K
  class space    used 23954K, committed 24512K, reserved 1048576K
}
Event: 3380.595 GC heap after
{Heap after GC invocations=152 (full 0):
 garbage-first heap   total 457728K, used 175403K [0x0000000080000000, 0x0000000100000000)
  region size 1024K, 2 young (2048K), 2 survivors (2048K)
 Metaspace       used 180265K, committed 181440K, reserved 1245184K
  class space    used 23954K, committed 24512K, reserved 1048576K
}
Event: 3381.221 GC heap before
{Heap before GC invocations=152 (full 0):
 garbage-first heap   total 457728K, used 226603K [0x0000000080000000, 0x0000000100000000)
  region size 1024K, 53 young (54272K), 2 survivors (2048K)
 Metaspace       used 186590K, committed 187712K, reserved 1245184K
  class space    used 24744K, committed 25280K, reserved 1048576K
}

